Arguments: 
  C:\Program Files\nodejs\node.exe C:\Users\fruan\AppData\Roaming\npm\node_modules\yarn\bin\yarn.js start

PATH: 
  C:\Program Files\Common Files\Oracle\Java\javapath;C:\WINDOWS\system32;C:\WINDOWS;C:\WINDOWS\System32\Wbem;C:\WINDOWS\System32\WindowsPowerShell\v1.0;C:\WINDOWS\System32\OpenSSH\;C:\Program Files\Microsoft SQL Server\Client SDK\ODBC\170\Tools\Binn\;C:\Program Files (x86)\Microsoft SQL Server\150\Tools\Binn\;C:\Program Files\Microsoft SQL Server\150\Tools\Binn\;C:\Program Files\Microsoft SQL Server\150\DTS\Binn\;C:\Program Files (x86)\Microsoft SQL Server\150\DTS\Binn\;C:\Program Files\Azure Data Studio\bin;C:\Program Files\PuTTY\;C:\Program Files\Git\cmd;C:\flutter\bin;C:\flutter\bin;C:\Program Files\dotnet\;C:\Program Files\Microsoft SQL Server\130\Tools\Binn\;C:\Program Files (x86)\Microsoft SQL Server\110\DTS\Binn\;C:\Program Files (x86)\Microsoft SQL Server\120\DTS\Binn\;C:\Program Files (x86)\Microsoft SQL Server\130\DTS\Binn\;C:\Program Files (x86)\Microsoft SQL Server\140\DTS\Binn\;C:\Program Files (x86)\Microsoft SQL Server\160\DTS\Binn\;C:\Users\fruan\AppData\Local\Progra;C:\Program Files\nodejs\;C:\Program Files\MATLAB\R2023a\bin;C:\Program Files\CMake\bin;C;C:\Users\fruan\AppData\Local\Programs\Python\Python311\Scripts\;C:\Users\fruan\AppData\Local\Programs\Python\Python311\;C:\Users\fruan\AppData\Local\Microsoft\WindowsApps;C:\Users\fruan\AppData\Local\Programs\Microsoft VS Code\bin;C:\Program Files\Azure Data Studio\bin;C:\Users\fruan\.dotnet\tools;C:\Users\fruan\AppData\Roaming\npm

Yarn version: 
  1.22.19

Node version: 
  18.15.0

Platform: 
  win32 x64

Trace: 
  TypeError [ERR_INVALID_ARG_VALUE]: The property 'options.env['npm_package_description']' must be a string without null bytes. Received 'Aplicativo Web para el manejo de inventario registrado por codigos y facturacion electronica para Ecuador. ##\x00 ThunderApp'
      at new NodeError (node:internal/errors:399:5)
      at validateArgumentNullCheck (node:child_process:968:11)
      at normalizeSpawnArguments (node:child_process:697:7)
      at Object.spawn (node:child_process:750:13)
      at C:\Users\fruan\AppData\Roaming\npm\node_modules\yarn\lib\cli.js:25732:24
      at new Promise (<anonymous>)
      at new F (C:\Users\fruan\AppData\Roaming\npm\node_modules\yarn\lib\cli.js:5305:28)
      at C:\Users\fruan\AppData\Roaming\npm\node_modules\yarn\lib\cli.js:25729:12
      at run (C:\Users\fruan\AppData\Roaming\npm\node_modules\yarn\lib\cli.js:43184:7)
      at BlockingQueue.maybePushConcurrencyQueue (C:\Users\fruan\AppData\Roaming\npm\node_modules\yarn\lib\cli.js:43199:7)

npm manifest: 
  {
    "name": "backend-class",
    "homepage": "https://guaytambosfit.com/",
    "version": "0.1.0",
    "private": true,
    "dependencies": {
      "@emotion/react": "^11.11.1",
      "@emotion/styled": "^11.11.0",
      "@mui/base": "^5.0.0-alpha.112",
      "@mui/icons-material": "^5.11.0",
      "@mui/joy": "^5.0.0-alpha.84",
      "@mui/material": "^5.13.5",
      "@mui/x-date-pickers": "^5.0.12",
      "@testing-library/jest-dom": "^5.16.4",
      "@testing-library/react": "^13.3.0",
      "@testing-library/user-event": "^13.5.0",
      "@uiw/react-md-editor": "^3.14.5",
      "axios": "^1.2.1",
      "bootstrap": "^5.1.3",
      "bootstrap-scss": "^5.1.1",
      "chart.js": "^3.8.0",
      "cldr-data": "^36.0.1",
      "dayjs": "^1.11.7",
      "i": "^0.3.7",
      "jspdf": "^2.5.1",
      "jspdf-autotable": "^3.5.28",
      "npm": "^8.13.2",
      "react": "^18.2.0",
      "react-bootstrap": "^1.5.2",
      "react-chartjs-2": "^4.2.0",
      "react-countup": "^6.2.0",
      "react-data-table-component": "^7.5.2",
      "react-datepicker": "^4.8.0",
      "react-dom": "^18.2.0",
      "react-dropzone": "^14.2.2",
      "react-dropzone-uploader": "^2.11.0",
      "react-feather": "^2.0.10",
      "react-fontawesome": "^1.7.1",
      "react-google-charts": "^4.0.0",
      "react-hook-form": "^7.41.1",
      "react-modal": "^3.15.1",
      "react-number-format": "^5.1.2",
      "react-perfect-scrollbar": "^1.5.8",
      "react-router-dom": "^6.3.0",
      "react-scripts": "5.0.1",
      "react-simple-star-rating": "^4.0.5",
      "react-slick": "^0.29.0",
      "react-tabs": "^5.1.0",
      "react-toastify": "^9.0.4",
      "reactstrap": "^8.9.0",
      "sass": "^1.52.3",
      "styled-components": "^5.3.5",
      "web-vitals": "^2.1.4"
    },
    "scripts": {
      "start": "react-scripts start",
      "build": "react-scripts build",
      "test": "react-scripts test",
      "eject": "react-scripts eject"
    },
    "eslintConfig": {
      "extends": [
        "react-app",
        "react-app/jest"
      ]
    },
    "browserslist": {
      "production": [
        ">0.2%",
        "not dead",
        "not op_mini all"
      ],
      "development": [
        "last 1 chrome version",
        "last 1 firefox version",
        "last 1 safari version"
      ]
    }
  }

yarn manifest: 
  No manifest

Lockfile: 
  No lockfile
